\BOOKMARK [1][-]{section.1}{\376\377\000I\000n\000t\000r\000o\000d\000u\000c\000t\000i\000o\000n}{}% 1
\BOOKMARK [1][-]{section.2}{\376\377\000C\000a\000m\000p\000a\000i\000g\000n\000\040\000P\000r\000i\000m\000e\000r}{}% 2
\BOOKMARK [2][-]{subsection.2.1}{\376\377\000P\000i\000l\000l\000a\000r\000s\000\040\000o\000f\000\040\000t\000h\000e\000\040\000S\000e\000t\000t\000i\000n\000g}{section.2}% 3
\BOOKMARK [2][-]{subsection.2.2}{\376\377\000T\000h\000e\000\040\000W\000o\000r\000l\000d\000\040\000o\000f\000\040\000O\000h\000r}{section.2}% 4
\BOOKMARK [2][-]{subsection.2.3}{\376\377\000L\000o\000c\000a\000t\000i\000o\000n\000s\000\040\000i\000n\000\040\000O\000h\000r}{section.2}% 5
\BOOKMARK [2][-]{subsection.2.4}{\376\377\000M\000y\000t\000h\000\040\000o\000f\000\040\000C\000r\000e\000a\000t\000i\000o\000n}{section.2}% 6
\BOOKMARK [1][-]{section.3}{\376\377\000C\000h\000a\000r\000a\000c\000t\000e\000r\000\040\000C\000r\000e\000a\000t\000i\000o\000n}{}% 7
\BOOKMARK [2][-]{subsection.3.1}{\376\377\000A\000b\000i\000l\000i\000t\000y\000\040\000S\000c\000o\000r\000e\000s}{section.3}% 8
\BOOKMARK [2][-]{subsection.3.2}{\376\377\000R\000a\000c\000e\000s}{section.3}% 9
\BOOKMARK [1][-]{section.4}{\376\377\000C\000o\000r\000e\000\040\000M\000e\000c\000h\000a\000n\000i\000c\000s}{}% 10
\BOOKMARK [2][-]{subsection.4.1}{\376\377\000T\000h\000e\000\040\000S\000t\000r\000i\000k\000e\000s\000\040\000S\000y\000s\000t\000e\000m}{section.4}% 11
\BOOKMARK [2][-]{subsection.4.2}{\376\377\000E\000q\000u\000i\000p\000m\000e\000n\000t\000\040\000\046\000\040\000I\000n\000v\000e\000n\000t\000o\000r\000y}{section.4}% 12
\BOOKMARK [3][-]{subsubsection.4.2.1}{\376\377\000S\000h\000i\000e\000l\000d\000s\000\040\000\046\000\040\000H\000e\000l\000m\000e\000t\000s}{subsection.4.2}% 13
\BOOKMARK [2][-]{subsection.4.3}{\376\377\000R\000e\000s\000t\000i\000n\000g\000\040\000\046\000\040\000H\000e\000a\000l\000i\000n\000g}{section.4}% 14
\BOOKMARK [2][-]{subsection.4.4}{\376\377\000C\000o\000m\000b\000a\000t\000\040\000M\000e\000c\000h\000a\000n\000i\000c\000s}{section.4}% 15
\BOOKMARK [3][-]{subsubsection.4.4.1}{\376\377\000I\000n\000i\000t\000i\000a\000t\000i\000v\000e}{subsection.4.4}% 16
\BOOKMARK [3][-]{subsubsection.4.4.2}{\376\377\000C\000r\000i\000t\000i\000c\000a\000l\000\040\000H\000i\000t\000s\000\040\000\046\000\040\000E\000f\000f\000e\000c\000t\000s}{subsection.4.4}% 17
\BOOKMARK [1][-]{section.5}{\376\377\000S\000p\000e\000l\000l\000c\000a\000s\000t\000i\000n\000g\000\040\000\046\000\040\000M\000i\000r\000a\000c\000l\000e\000s}{}% 18
\BOOKMARK [2][-]{subsection.5.1}{\376\377\000S\000p\000e\000l\000l\000c\000a\000s\000t\000i\000n\000g\000\040\000\050\000A\000r\000c\000a\000n\000e\000\040\000M\000a\000g\000i\000c\000\051}{section.5}% 19
\BOOKMARK [3][-]{subsubsection.5.1.1}{\376\377\000A\000r\000m\000o\000r\000\040\000I\000n\000t\000e\000r\000f\000e\000r\000e\000n\000c\000e}{subsection.5.1}% 20
\BOOKMARK [2][-]{subsection.5.2}{\376\377\000M\000i\000r\000a\000c\000l\000e\000s\000\040\000\050\000D\000i\000v\000i\000n\000e\000\040\000M\000a\000g\000i\000c\000\051}{section.5}% 21
\BOOKMARK [3][-]{subsubsection.5.2.1}{\376\377\000D\000i\000v\000i\000n\000e\000\040\000M\000i\000s\000h\000a\000p\000s\000\040\000\050\000N\000a\000t\000u\000r\000a\000l\000\040\0001\000\051}{subsection.5.2}% 22
\BOOKMARK [3][-]{subsubsection.5.2.2}{\376\377\000M\000a\000g\000i\000c\000a\000l\000\040\000M\000i\000s\000h\000a\000p\000s\000\040\000\050\000N\000a\000t\000u\000r\000a\000l\000\040\0001\000\051}{subsection.5.2}% 23
\BOOKMARK [3][-]{subsubsection.5.2.3}{\376\377\000D\000i\000v\000i\000n\000e\000\040\000M\000i\000s\000h\000a\000p\000\040\000T\000a\000b\000l\000e}{subsection.5.2}% 24
\BOOKMARK [1][-]{section.6}{\376\377\000D\000e\000a\000t\000h\000\040\000\046\000\040\000D\000y\000i\000n\000g}{}% 25
\BOOKMARK [2][-]{subsection.6.1}{\376\377\000R\000e\000a\000c\000h\000i\000n\000g\000\040\000Z\000e\000r\000o\000\040\000S\000t\000r\000i\000k\000e\000s}{section.6}% 26
\BOOKMARK [2][-]{subsection.6.2}{\376\377\000E\000n\000v\000i\000r\000o\000n\000m\000e\000n\000t\000a\000l\000\040\000H\000a\000z\000a\000r\000d\000s}{section.6}% 27
\BOOKMARK [2][-]{subsection.6.3}{\376\377\000H\000o\000r\000r\000i\000b\000l\000e\000\040\000W\000o\000u\000n\000d\000s\000\040\000T\000a\000b\000l\000e\000s}{section.6}% 28
\BOOKMARK [3][-]{subsubsection.6.3.1}{\376\377\000C\000r\000u\000s\000h\000i\000n\000g\000\040\000D\000a\000m\000a\000g\000e}{subsection.6.3}% 29
\BOOKMARK [3][-]{subsubsection.6.3.2}{\376\377\000S\000l\000a\000s\000h\000i\000n\000g\000\040\000D\000a\000m\000a\000g\000e}{subsection.6.3}% 30
\BOOKMARK [3][-]{subsubsection.6.3.3}{\376\377\000P\000u\000n\000c\000t\000u\000r\000i\000n\000g\000\040\000D\000a\000m\000a\000g\000e}{subsection.6.3}% 31
\BOOKMARK [3][-]{subsubsection.6.3.4}{\376\377\000F\000a\000n\000g\000\040\000\046\000\040\000C\000l\000a\000w\000\040\000D\000a\000m\000a\000g\000e}{subsection.6.3}% 32
\BOOKMARK [2][-]{subsection.6.4}{\376\377\000C\000o\000n\000d\000i\000t\000i\000o\000n\000s}{section.6}% 33
\BOOKMARK [1][-]{section.7}{\376\377\000C\000h\000a\000r\000a\000c\000t\000e\000r\000\040\000T\000r\000a\000i\000t\000s}{}% 34
\BOOKMARK [2][-]{subsection.7.1}{\376\377\000P\000a\000s\000s\000i\000v\000e\000\040\000T\000r\000a\000i\000t\000s}{section.7}% 35
\BOOKMARK [2][-]{subsection.7.2}{\376\377\000A\000c\000t\000i\000v\000e\000\040\000T\000r\000a\000i\000t\000s}{section.7}% 36
\BOOKMARK [1][-]{section.8}{\376\377\000G\000r\000i\000m\000\040\000S\000o\000r\000t\000s}{}% 37
\BOOKMARK [2][-]{subsection.8.1}{\376\377\000M\000e\000r\000c\000e\000n\000a\000r\000y\000\040\000|\000\040\0006\000\040\000S\000t\000r\000i\000k\000e\000s}{section.8}% 38
\BOOKMARK [2][-]{subsection.8.2}{\376\377\000K\000n\000a\000v\000e\000\040\000|\000\040\0004\000\040\000S\000t\000r\000i\000k\000e\000s}{section.8}% 39
\BOOKMARK [2][-]{subsection.8.3}{\376\377\000W\000y\000t\000c\000h\000\040\000H\000u\000n\000t\000e\000r\000\040\000|\000\040\0005\000\040\000S\000t\000r\000i\000k\000e\000s}{section.8}% 40
\BOOKMARK [2][-]{subsection.8.4}{\376\377\000P\000r\000e\000l\000a\000t\000e\000\040\000|\000\040\0004\000\040\000S\000t\000r\000i\000k\000e\000s}{section.8}% 41
\BOOKMARK [2][-]{subsection.8.5}{\376\377\000M\000a\000r\000a\000u\000d\000e\000r\000\040\000|\000\040\0005\000\040\000S\000t\000r\000i\000k\000e\000s}{section.8}% 42
\BOOKMARK [2][-]{subsection.8.6}{\376\377\000R\000a\000n\000g\000e\000r\000\040\000|\000\040\0005\000\040\000S\000t\000r\000i\000k\000e\000s}{section.8}% 43
\BOOKMARK [2][-]{subsection.8.7}{\376\377\000C\000r\000u\000s\000a\000d\000e\000r\000\040\000|\000\040\0006\000\040\000S\000t\000r\000i\000k\000e\000s}{section.8}% 44
\BOOKMARK [2][-]{subsection.8.8}{\376\377\000P\000y\000r\000o\000m\000a\000n\000c\000e\000r\000\040\000|\000\040\0004\000\040\000S\000t\000r\000i\000k\000e\000s}{section.8}% 45
\BOOKMARK [2][-]{subsection.8.9}{\376\377\000C\000o\000r\000p\000s\000e\000\040\000S\000h\000e\000p\000h\000e\000r\000d\000\040\000|\000\040\0005\000\040\000S\000t\000r\000i\000k\000e\000s}{section.8}% 46
\BOOKMARK [2][-]{subsection.8.10}{\376\377\000M\000i\000r\000t\000h\000l\000e\000s\000s\000\040\000F\000o\000o\000l\000\040\000|\000\040\0004\000\040\000S\000t\000r\000i\000k\000e\000s}{section.8}% 47
\BOOKMARK [2][-]{subsection.8.11}{\376\377\000A\000l\000c\000h\000e\000m\000i\000s\000t\000\040\000|\000\040\0004\000\040\000S\000t\000r\000i\000k\000e\000s}{section.8}% 48
\BOOKMARK [2][-]{subsection.8.12}{\376\377\000W\000o\000l\000f\000g\000r\000o\000o\000m\000\040\000|\000\040\0005\000\040\000S\000t\000r\000i\000k\000e\000s}{section.8}% 49
\BOOKMARK [2][-]{subsection.8.13}{\376\377\000B\000l\000a\000c\000k\000g\000u\000a\000r\000d\000\040\000|\000\040\0006\000\040\000S\000t\000r\000i\000k\000e\000s}{section.8}% 50
\BOOKMARK [2][-]{subsection.8.14}{\376\377\000S\000k\000a\000l\000d\000\040\000|\000\040\0005\000\040\000S\000t\000r\000i\000k\000e\000s}{section.8}% 51
\BOOKMARK [2][-]{subsection.8.15}{\376\377\000W\000y\000t\000c\000h\000\040\000|\000\040\0003\000\040\000S\000t\000r\000i\000k\000e\000s}{section.8}% 52
\BOOKMARK [2][-]{subsection.8.16}{\376\377\000I\000r\000o\000n\000\040\000P\000e\000d\000d\000l\000e\000r\000\040\000|\000\040\0004\000\040\000S\000t\000r\000i\000k\000e\000s}{section.8}% 53
\BOOKMARK [2][-]{subsection.8.17}{\376\377\000P\000i\000t\000-\000F\000i\000g\000h\000t\000e\000r\000\040\000|\000\040\0005\000\040\000S\000t\000r\000i\000k\000e\000s}{section.8}% 54
\BOOKMARK [2][-]{subsection.8.18}{\376\377\000S\000w\000o\000r\000d\000\040\000S\000a\000i\000n\000t\000\040\000|\000\040\0006\000\040\000S\000t\000r\000i\000k\000e\000s}{section.8}% 55
\BOOKMARK [2][-]{subsection.8.19}{\376\377\000D\000r\000u\000i\000d\000\040\000|\000\040\0005\000\040\000S\000t\000r\000i\000k\000e\000s}{section.8}% 56
\BOOKMARK [2][-]{subsection.8.20}{\376\377\000P\000u\000g\000i\000l\000i\000s\000t\000\040\000|\000\040\0005\000\040\000S\000t\000r\000i\000k\000e\000s}{section.8}% 57
\BOOKMARK [1][-]{section.9}{\376\377\000T\000o\000o\000l\000s\000\040\000o\000f\000\040\000D\000e\000a\000t\000h}{}% 58
\BOOKMARK [2][-]{subsection.9.1}{\376\377\000C\000o\000m\000m\000o\000n\000\040\000W\000e\000a\000p\000o\000n\000\040\000T\000a\000g\000s}{section.9}% 59
\BOOKMARK [2][-]{subsection.9.2}{\376\377\000U\000n\000c\000o\000m\000m\000o\000n\000\040\000W\000e\000a\000p\000o\000n\000\040\000T\000a\000g\000s}{section.9}% 60
\BOOKMARK [2][-]{subsection.9.3}{\376\377\000R\000a\000r\000e\000\040\000W\000e\000a\000p\000o\000n\000\040\000T\000a\000g\000s}{section.9}% 61
\BOOKMARK [2][-]{subsection.9.4}{\376\377\000V\000e\000r\000y\000\040\000R\000a\000r\000e\000\040\000W\000e\000a\000p\000o\000n\000\040\000T\000a\000g\000s}{section.9}% 62
\BOOKMARK [2][-]{subsection.9.5}{\376\377\000L\000e\000g\000e\000n\000d\000a\000r\000y\000\040\000W\000e\000a\000p\000o\000n\000\040\000T\000a\000g\000s}{section.9}% 63
\BOOKMARK [2][-]{subsection.9.6}{\376\377\000U\000n\000i\000q\000u\000e\000\040\000W\000e\000a\000p\000o\000n\000\040\000T\000a\000g\000s}{section.9}% 64
\BOOKMARK [1][-]{section.10}{\376\377\000T\000h\000e\000\040\000O\000m\000e\000n\000\040\000C\000a\000l\000l\000e\000d\000\040\000N\000i\000g\000h\000t}{}% 65
\BOOKMARK [2][-]{subsection.10.1}{\376\377\000T\000r\000i\000g\000g\000e\000r}{section.10}% 66
\BOOKMARK [2][-]{subsection.10.2}{\376\377\000D\000a\000r\000k\000n\000e\000s\000s\000\040\000L\000e\000v\000e\000l}{section.10}% 67
\BOOKMARK [2][-]{subsection.10.3}{\376\377\000L\000i\000g\000h\000t\000\040\000a\000n\000d\000\040\000D\000L}{section.10}% 68
\BOOKMARK [2][-]{subsection.10.4}{\376\377\000L\000a\000s\000t\000\040\000L\000i\000g\000h\000t}{section.10}% 69
\BOOKMARK [2][-]{subsection.10.5}{\376\377\000D\000r\000e\000a\000d\000\040\000E\000f\000f\000e\000c\000t\000s\000\040\000b\000y\000\040\000D\000a\000r\000k\000n\000e\000s\000s\000\040\000L\000e\000v\000e\000l}{section.10}% 70
\BOOKMARK [2][-]{subsection.10.6}{\376\377\000T\000h\000e\000\040\0001\000d\0001\0000\0000\000\040\000D\000r\000e\000a\000d\000\040\000T\000a\000b\000l\000e}{section.10}% 71
\BOOKMARK [2][-]{subsection.10.7}{\376\377\000B\000e\000s\000t\000i\000a\000r\000y\000\040\000o\000f\000\040\000t\000h\000e\000\040\000D\000r\000e\000a\000d}{section.10}% 72
\BOOKMARK [3][-]{subsubsection.10.7.1}{\376\377\000S\000h\000a\000d\000e\000-\000L\000a\000t\000c\000h\000e\000r}{subsection.10.7}% 73
\BOOKMARK [3][-]{subsubsection.10.7.2}{\376\377\000M\000a\000w\000-\000i\000n\000-\000S\000h\000a\000d\000o\000w}{subsection.10.7}% 74
\BOOKMARK [3][-]{subsubsection.10.7.3}{\376\377\000T\000h\000e\000\040\000H\000o\000l\000l\000o\000w\000\040\000C\000h\000o\000i\000r}{subsection.10.7}% 75
\BOOKMARK [3][-]{subsubsection.10.7.4}{\376\377\000N\000i\000g\000h\000t\000'\000s\000\040\000J\000a\000w}{subsection.10.7}% 76
\BOOKMARK [3][-]{subsubsection.10.7.5}{\376\377\000P\000a\000l\000e\000\040\000T\000e\000n\000d\000e\000r\000s}{subsection.10.7}% 77
\BOOKMARK [3][-]{subsubsection.10.7.6}{\376\377\000T\000h\000e\000\040\000G\000r\000a\000n\000d\000\040\000M\000o\000t\000h}{subsection.10.7}% 78
\BOOKMARK [2][-]{subsection.10.8}{\376\377\000R\000u\000n\000n\000i\000n\000g\000\040\000t\000h\000e\000\040\000D\000r\000e\000a\000d}{section.10}% 79
\BOOKMARK [1][-]{section.11}{\376\377\000T\000o\000r\000c\000h\000e\000s\000\040\000i\000n\000\040\000t\000h\000e\000\040\000D\000a\000r\000k\000\040\000B\000e\000s\000t\000i\000a\000r\000y}{}% 80
\BOOKMARK [2][-]{subsection.11.1}{\376\377\000H\000u\000m\000a\000n\000\040\000A\000n\000t\000a\000g\000o\000n\000i\000s\000t\000s}{section.11}% 81
\BOOKMARK [3][-]{subsubsection.11.1.1}{\376\377\000T\000h\000i\000e\000f}{subsection.11.1}% 82
\BOOKMARK [3][-]{subsubsection.11.1.2}{\376\377\000B\000a\000n\000d\000i\000t}{subsection.11.1}% 83
\BOOKMARK [3][-]{subsubsection.11.1.3}{\376\377\000S\000l\000a\000v\000e\000r}{subsection.11.1}% 84
\BOOKMARK [3][-]{subsubsection.11.1.4}{\376\377\000B\000r\000i\000g\000a\000n\000d}{subsection.11.1}% 85
\BOOKMARK [3][-]{subsubsection.11.1.5}{\376\377\000C\000a\000n\000n\000i\000b\000a\000l}{subsection.11.1}% 86
\BOOKMARK [3][-]{subsubsection.11.1.6}{\376\377\000C\000u\000l\000t\000i\000s\000t}{subsection.11.1}% 87
\BOOKMARK [3][-]{subsubsection.11.1.7}{\376\377\000A\000s\000s\000a\000s\000s\000i\000n}{subsection.11.1}% 88
\BOOKMARK [3][-]{subsubsection.11.1.8}{\376\377\000T\000o\000r\000t\000u\000r\000e\000r}{subsection.11.1}% 89
\BOOKMARK [3][-]{subsubsection.11.1.9}{\376\377\000M\000e\000r\000c\000e\000n\000a\000r\000y}{subsection.11.1}% 90
\BOOKMARK [3][-]{subsubsection.11.1.10}{\376\377\000P\000i\000r\000a\000t\000e}{subsection.11.1}% 91
\BOOKMARK [3][-]{subsubsection.11.1.11}{\376\377\000M\000a\000r\000a\000u\000d\000e\000r}{subsection.11.1}% 92
\BOOKMARK [3][-]{subsubsection.11.1.12}{\376\377\000R\000e\000a\000v\000e\000r}{subsection.11.1}% 93
\BOOKMARK [3][-]{subsubsection.11.1.13}{\376\377\000B\000r\000u\000t\000e}{subsection.11.1}% 94
\BOOKMARK [3][-]{subsubsection.11.1.14}{\376\377\000G\000u\000a\000r\000d}{subsection.11.1}% 95
\BOOKMARK [3][-]{subsubsection.11.1.15}{\376\377\000Z\000e\000a\000l\000o\000t}{subsection.11.1}% 96
\BOOKMARK [3][-]{subsubsection.11.1.16}{\376\377\000W\000y\000t\000c\000h\000\040\000H\000u\000n\000t\000e\000r}{subsection.11.1}% 97
\BOOKMARK [3][-]{subsubsection.11.1.17}{\376\377\000E\000x\000e\000c\000u\000t\000i\000o\000n\000e\000r}{subsection.11.1}% 98
\BOOKMARK [3][-]{subsubsection.11.1.18}{\376\377\000R\000o\000n\000i\000n}{subsection.11.1}% 99
\BOOKMARK [3][-]{subsubsection.11.1.19}{\376\377\000W\000a\000r\000l\000o\000r\000d}{subsection.11.1}% 100
\BOOKMARK [3][-]{subsubsection.11.1.20}{\376\377\000P\000i\000t\000\040\000F\000i\000g\000h\000t\000e\000r}{subsection.11.1}% 101
\BOOKMARK [3][-]{subsubsection.11.1.21}{\376\377\000W\000y\000t\000c\000h}{subsection.11.1}% 102
\BOOKMARK [3][-]{subsubsection.11.1.22}{\376\377\000W\000a\000r\000l\000o\000c\000k}{subsection.11.1}% 103
\BOOKMARK [3][-]{subsubsection.11.1.23}{\376\377\000N\000e\000c\000r\000o\000m\000a\000n\000c\000e\000r}{subsection.11.1}% 104
\BOOKMARK [3][-]{subsubsection.11.1.24}{\376\377\000D\000e\000m\000o\000n\000\040\000C\000u\000l\000t\000i\000s\000t}{subsection.11.1}% 105
\BOOKMARK [3][-]{subsubsection.11.1.25}{\376\377\000M\000a\000d\000\040\000P\000r\000o\000p\000h\000e\000t}{subsection.11.1}% 106
\BOOKMARK [3][-]{subsubsection.11.1.26}{\376\377\000B\000l\000o\000o\000d\000\040\000P\000r\000i\000e\000s\000t}{subsection.11.1}% 107
\BOOKMARK [3][-]{subsubsection.11.1.27}{\376\377\000D\000a\000r\000k\000\040\000P\000a\000l\000a\000d\000i\000n}{subsection.11.1}% 108
\BOOKMARK [3][-]{subsubsection.11.1.28}{\376\377\000S\000l\000a\000v\000e\000\040\000M\000a\000s\000t\000e\000r}{subsection.11.1}% 109
\BOOKMARK [3][-]{subsubsection.11.1.29}{\376\377\000I\000n\000q\000u\000i\000s\000i\000t\000o\000r}{subsection.11.1}% 110
\BOOKMARK [3][-]{subsubsection.11.1.30}{\376\377\000B\000e\000r\000s\000e\000r\000k\000e\000r}{subsection.11.1}% 111
\BOOKMARK [2][-]{subsection.11.2}{\376\377\000B\000e\000a\000s\000t\000s}{section.11}% 112
\BOOKMARK [3][-]{subsubsection.11.2.1}{\376\377\000R\000a\000t}{subsection.11.2}% 113
\BOOKMARK [3][-]{subsubsection.11.2.2}{\376\377\000W\000o\000l\000f}{subsection.11.2}% 114
\BOOKMARK [3][-]{subsubsection.11.2.3}{\376\377\000G\000i\000a\000n\000t\000\040\000R\000a\000t}{subsection.11.2}% 115
\BOOKMARK [3][-]{subsubsection.11.2.4}{\376\377\000C\000a\000v\000e\000\040\000B\000e\000a\000r}{subsection.11.2}% 116
\BOOKMARK [3][-]{subsubsection.11.2.5}{\376\377\000D\000i\000r\000e\000\040\000W\000o\000l\000f}{subsection.11.2}% 117
\BOOKMARK [3][-]{subsubsection.11.2.6}{\376\377\000S\000a\000b\000e\000r\000\040\000C\000a\000t}{subsection.11.2}% 118
\BOOKMARK [3][-]{subsubsection.11.2.7}{\376\377\000G\000i\000a\000n\000t\000\040\000S\000p\000i\000d\000e\000r}{subsection.11.2}% 119
\BOOKMARK [3][-]{subsubsection.11.2.8}{\376\377\000V\000i\000p\000e\000r}{subsection.11.2}% 120
\BOOKMARK [3][-]{subsubsection.11.2.9}{\376\377\000G\000i\000a\000n\000t\000\040\000S\000c\000o\000r\000p\000i\000o\000n}{subsection.11.2}% 121
\BOOKMARK [3][-]{subsubsection.11.2.10}{\376\377\000M\000a\000m\000m\000o\000t\000h}{subsection.11.2}% 122
\BOOKMARK [3][-]{subsubsection.11.2.11}{\376\377\000D\000e\000s\000e\000r\000t\000\040\000S\000c\000o\000r\000p\000i\000o\000n}{subsection.11.2}% 123
\BOOKMARK [3][-]{subsubsection.11.2.12}{\376\377\000P\000i\000t\000\040\000V\000i\000p\000e\000r}{subsection.11.2}% 124
\BOOKMARK [3][-]{subsubsection.11.2.13}{\376\377\000B\000l\000o\000o\000d\000\040\000E\000a\000g\000l\000e}{subsection.11.2}% 125
\BOOKMARK [3][-]{subsubsection.11.2.14}{\376\377\000S\000t\000o\000r\000m\000\040\000C\000r\000o\000w}{subsection.11.2}% 126
\BOOKMARK [2][-]{subsection.11.3}{\376\377\000U\000n\000d\000e\000a\000d}{section.11}% 127
\BOOKMARK [3][-]{subsubsection.11.3.1}{\376\377\000S\000k\000e\000l\000e\000t\000o\000n}{subsection.11.3}% 128
\BOOKMARK [3][-]{subsubsection.11.3.2}{\376\377\000Z\000o\000m\000b\000i\000e}{subsection.11.3}% 129
\BOOKMARK [3][-]{subsubsection.11.3.3}{\376\377\000G\000h\000o\000u\000l}{subsection.11.3}% 130
\BOOKMARK [3][-]{subsubsection.11.3.4}{\376\377\000W\000i\000g\000h\000t}{subsection.11.3}% 131
\BOOKMARK [3][-]{subsubsection.11.3.5}{\376\377\000W\000r\000a\000i\000t\000h}{subsection.11.3}% 132
\BOOKMARK [3][-]{subsubsection.11.3.6}{\376\377\000S\000p\000e\000c\000t\000e\000r}{subsection.11.3}% 133
\BOOKMARK [3][-]{subsubsection.11.3.7}{\376\377\000M\000u\000m\000m\000y}{subsection.11.3}% 134
\BOOKMARK [3][-]{subsubsection.11.3.8}{\376\377\000B\000a\000n\000s\000h\000e\000e}{subsection.11.3}% 135
\BOOKMARK [3][-]{subsubsection.11.3.9}{\376\377\000V\000a\000m\000p\000i\000r\000e\000\040\000S\000p\000a\000w\000n}{subsection.11.3}% 136
\BOOKMARK [3][-]{subsubsection.11.3.10}{\376\377\000L\000i\000c\000h}{subsection.11.3}% 137
\BOOKMARK [3][-]{subsubsection.11.3.11}{\376\377\000H\000o\000p\000p\000i\000n\000g\000\040\000C\000o\000r\000p\000s\000e}{subsection.11.3}% 138
\BOOKMARK [3][-]{subsubsection.11.3.12}{\376\377\000H\000u\000n\000g\000r\000y\000\040\000G\000h\000o\000s\000t}{subsection.11.3}% 139
\BOOKMARK [3][-]{subsubsection.11.3.13}{\376\377\000B\000o\000n\000e\000\040\000D\000a\000n\000c\000e\000r}{subsection.11.3}% 140
\BOOKMARK [3][-]{subsubsection.11.3.14}{\376\377\000P\000a\000p\000e\000r\000\040\000T\000a\000l\000i\000s\000m\000a\000n}{subsection.11.3}% 141
\BOOKMARK [3][-]{subsubsection.11.3.15}{\376\377\000W\000e\000e\000p\000i\000n\000g\000\040\000M\000a\000i\000d\000e\000n}{subsection.11.3}% 142
\BOOKMARK [3][-]{subsubsection.11.3.16}{\376\377\000I\000r\000o\000n\000\040\000T\000e\000e\000t\000h}{subsection.11.3}% 143
\BOOKMARK [3][-]{subsubsection.11.3.17}{\376\377\000F\000l\000o\000a\000t\000i\000n\000g\000\040\000H\000e\000a\000d}{subsection.11.3}% 144
\BOOKMARK [3][-]{subsubsection.11.3.18}{\376\377\000D\000r\000o\000w\000n\000e\000d\000\040\000S\000a\000i\000l\000o\000r}{subsection.11.3}% 145
\BOOKMARK [3][-]{subsubsection.11.3.19}{\376\377\000P\000l\000a\000g\000u\000e\000\040\000B\000e\000a\000r\000e\000r}{subsection.11.3}% 146
\BOOKMARK [3][-]{subsubsection.11.3.20}{\376\377\000A\000n\000c\000e\000s\000t\000o\000r\000\040\000S\000h\000a\000d\000e}{subsection.11.3}% 147
\BOOKMARK [3][-]{subsubsection.11.3.21}{\376\377\000V\000a\000m\000p\000i\000r\000e\000\040\000L\000o\000r\000d}{subsection.11.3}% 148
\BOOKMARK [3][-]{subsubsection.11.3.22}{\376\377\000L\000i\000c\000h\000\040\000K\000i\000n\000g}{subsection.11.3}% 149
\BOOKMARK [2][-]{subsection.11.4}{\376\377\000D\000e\000m\000i\000-\000H\000u\000m\000a\000n}{section.11}% 150
\BOOKMARK [3][-]{subsubsection.11.4.1}{\376\377\000G\000o\000b\000l\000i\000n}{subsection.11.4}% 151
\BOOKMARK [3][-]{subsubsection.11.4.2}{\376\377\000O\000r\000c}{subsection.11.4}% 152
\BOOKMARK [3][-]{subsubsection.11.4.3}{\376\377\000C\000a\000v\000e\000\040\000D\000w\000e\000l\000l\000e\000r}{subsection.11.4}% 153
\BOOKMARK [3][-]{subsubsection.11.4.4}{\376\377\000T\000r\000o\000l\000l}{subsection.11.4}% 154
\BOOKMARK [3][-]{subsubsection.11.4.5}{\376\377\000G\000i\000a\000n\000t}{subsection.11.4}% 155
\BOOKMARK [3][-]{subsubsection.11.4.6}{\376\377\000T\000r\000o\000g\000l\000o\000d\000y\000t\000e}{subsection.11.4}% 156
\BOOKMARK [3][-]{subsubsection.11.4.7}{\376\377\000N\000e\000a\000n\000d\000e\000r\000t\000h\000a\000l}{subsection.11.4}% 157
\BOOKMARK [3][-]{subsubsection.11.4.8}{\376\377\000W\000a\000t\000c\000h\000e\000r}{subsection.11.4}% 158
\BOOKMARK [3][-]{subsubsection.11.4.9}{\376\377\000G\000o\000b\000l\000i\000n\000\040\000S\000c\000o\000u\000t}{subsection.11.4}% 159
\BOOKMARK [3][-]{subsubsection.11.4.10}{\376\377\000O\000r\000c\000\040\000R\000a\000i\000d\000e\000r}{subsection.11.4}% 160
\BOOKMARK [3][-]{subsubsection.11.4.11}{\376\377\000S\000e\000r\000p\000e\000n\000t\000-\000M\000a\000n}{subsection.11.4}% 161
\BOOKMARK [3][-]{subsubsection.11.4.12}{\376\377\000A\000p\000e\000-\000M\000a\000n}{subsection.11.4}% 162
\BOOKMARK [3][-]{subsubsection.11.4.13}{\376\377\000F\000r\000o\000s\000t\000\040\000G\000i\000a\000n\000t}{subsection.11.4}% 163
\BOOKMARK [3][-]{subsubsection.11.4.14}{\376\377\000F\000i\000r\000e\000\040\000G\000i\000a\000n\000t}{subsection.11.4}% 164
\BOOKMARK [3][-]{subsubsection.11.4.15}{\376\377\000S\000t\000o\000r\000m\000\040\000G\000i\000a\000n\000t}{subsection.11.4}% 165
\BOOKMARK [3][-]{subsubsection.11.4.16}{\376\377\000T\000i\000t\000a\000n}{subsection.11.4}% 166
\BOOKMARK [2][-]{subsection.11.5}{\376\377\000D\000e\000m\000o\000n\000s}{section.11}% 167
\BOOKMARK [3][-]{subsubsection.11.5.1}{\376\377\000L\000e\000s\000s\000e\000r\000\040\000D\000e\000m\000o\000n}{subsection.11.5}% 168
\BOOKMARK [3][-]{subsubsection.11.5.2}{\376\377\000I\000m\000p}{subsection.11.5}% 169
\BOOKMARK [3][-]{subsubsection.11.5.3}{\376\377\000H\000e\000l\000l\000\040\000H\000o\000u\000n\000d}{subsection.11.5}% 170
\BOOKMARK [3][-]{subsubsection.11.5.4}{\376\377\000B\000a\000r\000b\000e\000d\000\040\000D\000e\000v\000i\000l}{subsection.11.5}% 171
\BOOKMARK [3][-]{subsubsection.11.5.5}{\376\377\000S\000h\000a\000d\000o\000w\000\040\000D\000e\000m\000o\000n}{subsection.11.5}% 172
\BOOKMARK [3][-]{subsubsection.11.5.6}{\376\377\000P\000i\000t\000\040\000F\000i\000e\000n\000d}{subsection.11.5}% 173
\BOOKMARK [3][-]{subsubsection.11.5.7}{\376\377\000C\000h\000a\000i\000n\000\040\000D\000e\000v\000i\000l}{subsection.11.5}% 174
\BOOKMARK [3][-]{subsubsection.11.5.8}{\376\377\000M\000i\000r\000r\000o\000r\000\040\000F\000i\000e\000n\000d}{subsection.11.5}% 175
\BOOKMARK [3][-]{subsubsection.11.5.9}{\376\377\000D\000e\000m\000o\000n\000\040\000L\000o\000r\000d}{subsection.11.5}% 176
\BOOKMARK [3][-]{subsubsection.11.5.10}{\376\377\000A\000r\000c\000h\000f\000i\000e\000n\000d}{subsection.11.5}% 177
\BOOKMARK [2][-]{subsection.11.6}{\376\377\000N\000i\000g\000h\000t\000m\000a\000r\000e\000s}{section.11}% 178
\BOOKMARK [3][-]{subsubsection.11.6.1}{\376\377\000T\000e\000r\000r\000o\000r\000\040\000H\000o\000u\000n\000d}{subsection.11.6}% 179
\BOOKMARK [3][-]{subsubsection.11.6.2}{\376\377\000D\000r\000e\000a\000m\000\040\000S\000t\000a\000l\000k\000e\000r}{subsection.11.6}% 180
\BOOKMARK [3][-]{subsubsection.11.6.3}{\376\377\000M\000i\000n\000d\000\040\000F\000l\000e\000n\000s\000e\000r}{subsection.11.6}% 181
\BOOKMARK [3][-]{subsubsection.11.6.4}{\376\377\000V\000o\000i\000d\000\040\000S\000p\000a\000w\000n}{subsection.11.6}% 182
\BOOKMARK [3][-]{subsubsection.11.6.5}{\376\377\000N\000i\000g\000h\000t\000\040\000T\000e\000r\000r\000o\000r}{subsection.11.6}% 183
\BOOKMARK [3][-]{subsubsection.11.6.6}{\376\377\000D\000r\000e\000a\000m\000\040\000T\000h\000i\000e\000f}{subsection.11.6}% 184
\BOOKMARK [3][-]{subsubsection.11.6.7}{\376\377\000M\000a\000z\000e\000\040\000W\000a\000l\000k\000e\000r}{subsection.11.6}% 185
\BOOKMARK [3][-]{subsubsection.11.6.8}{\376\377\000M\000i\000s\000t\000\040\000W\000a\000l\000k\000e\000r}{subsection.11.6}% 186
\BOOKMARK [3][-]{subsubsection.11.6.9}{\376\377\000M\000e\000m\000o\000r\000y\000\040\000E\000a\000t\000e\000r}{subsection.11.6}% 187
\BOOKMARK [3][-]{subsubsection.11.6.10}{\376\377\000T\000h\000e\000\040\000N\000a\000m\000e\000l\000e\000s\000s\000\040\000H\000o\000r\000r\000o\000r}{subsection.11.6}% 188
\BOOKMARK [2][-]{subsection.11.7}{\376\377\000E\000l\000e\000m\000e\000n\000t\000a\000l\000s}{section.11}% 189
\BOOKMARK [3][-]{subsubsection.11.7.1}{\376\377\000F\000i\000r\000e\000\040\000E\000l\000e\000m\000e\000n\000t\000a\000l}{subsection.11.7}% 190
\BOOKMARK [3][-]{subsubsection.11.7.2}{\376\377\000E\000a\000r\000t\000h\000\040\000E\000l\000e\000m\000e\000n\000t\000a\000l}{subsection.11.7}% 191
\BOOKMARK [3][-]{subsubsection.11.7.3}{\376\377\000W\000a\000t\000e\000r\000\040\000E\000l\000e\000m\000e\000n\000t\000a\000l}{subsection.11.7}% 192
\BOOKMARK [3][-]{subsubsection.11.7.4}{\376\377\000A\000i\000r\000\040\000E\000l\000e\000m\000e\000n\000t\000a\000l}{subsection.11.7}% 193
\BOOKMARK [3][-]{subsubsection.11.7.5}{\376\377\000I\000c\000e\000\040\000E\000l\000e\000m\000e\000n\000t\000a\000l}{subsection.11.7}% 194
\BOOKMARK [3][-]{subsubsection.11.7.6}{\376\377\000S\000a\000n\000d\000s\000t\000o\000r\000m\000\040\000D\000j\000i\000n\000n}{subsection.11.7}% 195
\BOOKMARK [3][-]{subsubsection.11.7.7}{\376\377\000M\000o\000l\000t\000e\000n\000\040\000K\000i\000n\000g}{subsection.11.7}% 196
\BOOKMARK [2][-]{subsection.11.8}{\376\377\000C\000o\000n\000s\000t\000r\000u\000c\000t\000s}{section.11}% 197
\BOOKMARK [3][-]{subsubsection.11.8.1}{\376\377\000S\000t\000o\000n\000e\000\040\000G\000o\000l\000e\000m}{subsection.11.8}% 198
\BOOKMARK [3][-]{subsubsection.11.8.2}{\376\377\000I\000r\000o\000n\000\040\000G\000o\000l\000e\000m}{subsection.11.8}% 199
\BOOKMARK [3][-]{subsubsection.11.8.3}{\376\377\000B\000o\000n\000e\000\040\000C\000o\000n\000s\000t\000r\000u\000c\000t}{subsection.11.8}% 200
\BOOKMARK [3][-]{subsubsection.11.8.4}{\376\377\000F\000l\000e\000s\000h\000\040\000G\000o\000l\000e\000m}{subsection.11.8}% 201
\BOOKMARK [3][-]{subsubsection.11.8.5}{\376\377\000A\000n\000i\000m\000a\000t\000e\000d\000\040\000A\000r\000m\000o\000r}{subsection.11.8}% 202
\BOOKMARK [3][-]{subsubsection.11.8.6}{\376\377\000J\000a\000d\000e\000\040\000A\000u\000t\000o\000m\000a\000t\000o\000n}{subsection.11.8}% 203
\BOOKMARK [3][-]{subsubsection.11.8.7}{\376\377\000S\000i\000n\000g\000i\000n\000g\000\040\000S\000w\000o\000r\000d}{subsection.11.8}% 204
\BOOKMARK [3][-]{subsubsection.11.8.8}{\376\377\000S\000o\000u\000l\000\040\000C\000a\000g\000e}{subsection.11.8}% 205
\BOOKMARK [3][-]{subsubsection.11.8.9}{\376\377\000C\000l\000o\000c\000k\000w\000o\000r\000k\000\040\000S\000p\000y}{subsection.11.8}% 206
\BOOKMARK [3][-]{subsubsection.11.8.10}{\376\377\000S\000t\000o\000n\000e\000\040\000C\000o\000l\000o\000s\000s\000u\000s}{subsection.11.8}% 207
\BOOKMARK [2][-]{subsection.11.9}{\376\377\000F\000a\000e}{section.11}% 208
\BOOKMARK [3][-]{subsubsection.11.9.1}{\376\377\000D\000a\000r\000k\000\040\000F\000a\000e}{subsection.11.9}% 209
\BOOKMARK [3][-]{subsubsection.11.9.2}{\376\377\000H\000a\000g}{subsection.11.9}% 210
\BOOKMARK [3][-]{subsubsection.11.9.3}{\376\377\000R\000e\000d\000c\000a\000p}{subsection.11.9}% 211
\BOOKMARK [3][-]{subsubsection.11.9.4}{\376\377\000D\000u\000l\000l\000a\000h\000a\000n}{subsection.11.9}% 212
\BOOKMARK [3][-]{subsubsection.11.9.5}{\376\377\000B\000e\000a\000n\000\040\000S\000i\000d\000h\000e}{subsection.11.9}% 213
\BOOKMARK [3][-]{subsubsection.11.9.6}{\376\377\000I\000c\000e\000\040\000M\000a\000i\000d\000e\000n}{subsection.11.9}% 214
\BOOKMARK [3][-]{subsubsection.11.9.7}{\376\377\000F\000a\000t\000e\000\040\000S\000p\000i\000n\000n\000e\000r}{subsection.11.9}% 215
\BOOKMARK [3][-]{subsubsection.11.9.8}{\376\377\000S\000c\000a\000r\000l\000e\000t\000\040\000M\000a\000i\000d\000e\000n}{subsection.11.9}% 216
\BOOKMARK [3][-]{subsubsection.11.9.9}{\376\377\000S\000i\000l\000v\000e\000r\000\040\000T\000o\000n\000g\000u\000e}{subsection.11.9}% 217
\BOOKMARK [3][-]{subsubsection.11.9.10}{\376\377\000T\000w\000i\000l\000i\000g\000h\000t\000\040\000L\000o\000r\000d}{subsection.11.9}% 218
\BOOKMARK [2][-]{subsection.11.10}{\376\377\000D\000r\000a\000g\000o\000n\000s}{section.11}% 219
\BOOKMARK [3][-]{subsubsection.11.10.1}{\376\377\000Y\000o\000u\000n\000g\000\040\000D\000r\000a\000g\000o\000n}{subsection.11.10}% 220
\BOOKMARK [3][-]{subsubsection.11.10.2}{\376\377\000W\000y\000r\000m}{subsection.11.10}% 221
\BOOKMARK [3][-]{subsubsection.11.10.3}{\376\377\000D\000r\000a\000k\000e}{subsection.11.10}% 222
\BOOKMARK [3][-]{subsubsection.11.10.4}{\376\377\000A\000n\000c\000i\000e\000n\000t\000\040\000W\000y\000r\000m}{subsection.11.10}% 223
\BOOKMARK [3][-]{subsubsection.11.10.5}{\376\377\000P\000r\000i\000m\000o\000r\000d\000i\000a\000l\000\040\000D\000r\000a\000g\000o\000n}{subsection.11.10}% 224
\BOOKMARK [3][-]{subsubsection.11.10.6}{\376\377\000S\000t\000e\000l\000l\000a\000r\000\040\000D\000r\000a\000g\000o\000n}{subsection.11.10}% 225
\BOOKMARK [3][-]{subsubsection.11.10.7}{\376\377\000V\000o\000i\000d\000\040\000D\000r\000a\000g\000o\000n}{subsection.11.10}% 226
\BOOKMARK [2][-]{subsection.11.11}{\376\377\000M\000o\000n\000s\000t\000e\000r\000s}{section.11}% 227
\BOOKMARK [3][-]{subsubsection.11.11.1}{\376\377\000C\000a\000v\000e\000\040\000H\000o\000r\000r\000o\000r}{subsection.11.11}% 228
\BOOKMARK [3][-]{subsubsection.11.11.2}{\376\377\000F\000l\000e\000s\000h\000\040\000R\000i\000p\000p\000e\000r}{subsection.11.11}% 229
\BOOKMARK [3][-]{subsubsection.11.11.3}{\376\377\000C\000a\000r\000r\000i\000o\000n\000\040\000C\000r\000a\000w\000l\000e\000r}{subsection.11.11}% 230
\BOOKMARK [3][-]{subsubsection.11.11.4}{\376\377\000B\000o\000n\000e\000\040\000C\000r\000u\000s\000h\000e\000r}{subsection.11.11}% 231
\BOOKMARK [3][-]{subsubsection.11.11.5}{\376\377\000B\000l\000o\000o\000d\000\040\000D\000r\000i\000n\000k\000e\000r}{subsection.11.11}% 232
\BOOKMARK [3][-]{subsubsection.11.11.6}{\376\377\000S\000t\000o\000n\000e\000\040\000E\000a\000t\000e\000r}{subsection.11.11}% 233
\BOOKMARK [3][-]{subsubsection.11.11.7}{\376\377\000T\000u\000n\000n\000e\000l\000\040\000W\000o\000r\000m}{subsection.11.11}% 234
\BOOKMARK [3][-]{subsubsection.11.11.8}{\376\377\000C\000h\000a\000o\000s\000\040\000B\000e\000a\000s\000t}{subsection.11.11}% 235
\BOOKMARK [3][-]{subsubsection.11.11.9}{\376\377\000V\000o\000i\000d\000\040\000M\000a\000w}{subsection.11.11}% 236
\BOOKMARK [3][-]{subsubsection.11.11.10}{\376\377\000P\000l\000a\000g\000u\000e\000\040\000B\000e\000a\000s\000t}{subsection.11.11}% 237
\BOOKMARK [3][-]{subsubsection.11.11.11}{\376\377\000C\000o\000r\000a\000l\000\040\000T\000i\000t\000a\000n}{subsection.11.11}% 238
\BOOKMARK [3][-]{subsubsection.11.11.12}{\376\377\000A\000b\000y\000s\000s\000a\000l\000\040\000K\000r\000a\000k\000e\000n}{subsection.11.11}% 239
\BOOKMARK [3][-]{subsubsection.11.11.13}{\376\377\000K\000r\000a\000k\000e\000n}{subsection.11.11}% 240
\BOOKMARK [3][-]{subsubsection.11.11.14}{\376\377\000W\000o\000r\000l\000d\000\040\000S\000e\000r\000p\000e\000n\000t}{subsection.11.11}% 241
\BOOKMARK [2][-]{subsection.11.12}{\376\377\000C\000o\000s\000m\000i\000c\000\040\000H\000o\000r\000r\000o\000r\000s}{section.11}% 242
\BOOKMARK [3][-]{subsubsection.11.12.1}{\376\377\000A\000v\000a\000t\000a\000r\000\040\000o\000f\000\040\000E\000n\000d\000i\000n\000g\000s}{subsection.11.12}% 243
\BOOKMARK [3][-]{subsubsection.11.12.2}{\376\377\000C\000o\000n\000c\000e\000p\000t\000\040\000o\000f\000\040\000W\000a\000r}{subsection.11.12}% 244
\BOOKMARK [3][-]{subsubsection.11.12.3}{\376\377\000T\000h\000e\000\040\000U\000n\000n\000a\000m\000e\000d\000\040\000G\000o\000d}{subsection.11.12}% 245
\BOOKMARK [3][-]{subsubsection.11.12.4}{\376\377\000R\000e\000a\000l\000i\000t\000y\000'\000s\000\040\000F\000e\000v\000e\000r}{subsection.11.12}% 246
\BOOKMARK [3][-]{subsubsection.11.12.5}{\376\377\000T\000h\000e\000\040\000F\000i\000n\000a\000l\000\040\000E\000q\000u\000a\000t\000i\000o\000n}{subsection.11.12}% 247
\BOOKMARK [3][-]{subsubsection.11.12.6}{\376\377\000U\000n\000n\000a\000m\000e\000d\000\040\000F\000e\000a\000r}{subsection.11.12}% 248
\BOOKMARK [3][-]{subsubsection.11.12.7}{\376\377\000A\000n\000c\000i\000e\000n\000t\000\040\000E\000v\000i\000l}{subsection.11.12}% 249
\BOOKMARK [3][-]{subsubsection.11.12.8}{\376\377\000E\000l\000d\000e\000r\000\040\000T\000h\000i\000n\000g}{subsection.11.12}% 250
\BOOKMARK [3][-]{subsubsection.11.12.9}{\376\377\000G\000r\000e\000a\000t\000\040\000O\000l\000d\000\040\000O\000n\000e}{subsection.11.12}% 251
\BOOKMARK [3][-]{subsubsection.11.12.10}{\376\377\000T\000h\000e\000\040\000F\000i\000r\000s\000t\000\040\000D\000r\000e\000a\000m\000e\000r}{subsection.11.12}% 252
\BOOKMARK [1][-]{section.12}{\376\377\000E\000q\000u\000i\000p\000m\000e\000n\000t\000\040\000\046\000\040\000G\000e\000a\000r}{}% 253
\BOOKMARK [2][-]{subsection.12.1}{\376\377\000E\000q\000u\000i\000p\000m\000e\000n\000t\000\040\000P\000a\000c\000k\000s}{section.12}% 254
\BOOKMARK [2][-]{subsection.12.2}{\376\377\000W\000e\000a\000p\000o\000n\000s}{section.12}% 255
\BOOKMARK [2][-]{subsection.12.3}{\376\377\000A\000r\000m\000o\000r\000\040\000\046\000\040\000P\000r\000o\000t\000e\000c\000t\000i\000o\000n}{section.12}% 256
\BOOKMARK [2][-]{subsection.12.4}{\376\377\000A\000d\000v\000e\000n\000t\000u\000r\000i\000n\000g\000\040\000E\000q\000u\000i\000p\000m\000e\000n\000t}{section.12}% 257
\BOOKMARK [2][-]{subsection.12.5}{\376\377\000V\000e\000h\000i\000c\000l\000e\000s\000\040\000\046\000\040\000T\000r\000a\000n\000s\000p\000o\000r\000t\000a\000t\000i\000o\000n}{section.12}% 258
\BOOKMARK [2][-]{subsection.12.6}{\376\377\000M\000o\000u\000n\000t\000s\000\040\000\046\000\040\000A\000n\000i\000m\000a\000l\000s}{section.12}% 259
\BOOKMARK [2][-]{subsection.12.7}{\376\377\000S\000e\000r\000v\000i\000c\000e\000s\000\040\000\046\000\040\000P\000r\000o\000v\000i\000s\000i\000o\000n\000s}{section.12}% 260
